  0:00 ------------------------------------------------------------
  0:00 InitGame: \g_gametype\3\sv_hostname\deathRace\sv_punkbuster\0\sv_maxRate\0\sv_minPing\0\sv_maxPing\0\sv_floodProtect\1\g_redTeam\Stroggs\g_blueTeam\Pagans\dmflags\0\fraglimit\0\timelimit\0\sv_maxclients\8\capturelimit\0\g_maxGameClients\0\version\Q3 1.32 win-x86 Oct  7 2002\protocol\68\mapname\q3dm1\sv_privateClients\0\sv_allowDownload\0\gamename\baseq3\g_needpass\0
  0:00 ClientConnect: 0
  0:00 ClientUserinfoChanged: 0 n\NooB\t\3\model\conni/red\hmodel\conni/red\g_redteam\\g_blueteam\\c1\4\c2\5\hc\100\w\0\l\0\tt\0\tl\0
  0:00 ClientUserinfoChanged: 0 n\NooB\t\3\model\conni/red\hmodel\conni/red\g_redteam\\g_blueteam\\c1\4\c2\5\hc\100\w\0\l\0\tt\0\tl\0
  0:00 ClientBegin: 0
  0:01 ShutdownGame:
  0:01 ------------------------------------------------------------
  0:00 ------------------------------------------------------------
  0:00 InitGame: \g_gametype\0\sv_hostname\deathRace\sv_punkbuster\0\sv_maxRate\0\sv_minPing\0\sv_maxPing\0\sv_floodProtect\1\g_redTeam\Stroggs\g_blueTeam\Pagans\dmflags\0\fraglimit\0\timelimit\0\sv_maxclients\8\capturelimit\0\g_maxGameClients\0\version\Q3 1.32 win-x86 Oct  7 2002\protocol\68\mapname\Q3DM1\sv_privateClients\0\sv_allowDownload\0\bot_minplayers\0\gamename\baseq3\g_needpass\0
  0:00 ClientConnect: 0
  0:00 ClientUserinfoChanged: 0 n\NooB\t\0\model\xaero/red\hmodel\xaero/red\g_redteam\\g_blueteam\\c1\4\c2\5\hc\100\w\0\l\0\tt\0\tl\0
  0:00 ClientUserinfoChanged: 0 n\NooB\t\0\model\xaero/red\hmodel\xaero/red\g_redteam\\g_blueteam\\c1\4\c2\5\hc\100\w\0\l\0\tt\0\tl\0
  0:00 ClientBegin: 0
  0:11 Item: 0 weapon_plasmagun
  0:26 ShutdownGame:
  0:26 ------------------------------------------------------------
  0:00 ------------------------------------------------------------
  0:00 InitGame: \g_gametype\3\g_maxGameClients\0\capturelimit\0\sv_maxclients\8\timelimit\0\fraglimit\0\dmflags\0\g_blueTeam\Pagans\g_redTeam\Stroggs\sv_floodProtect\1\sv_maxPing\0\sv_minPing\0\sv_maxRate\0\sv_punkbuster\0\sv_hostname\deathRace\version\Q3 1.32 win-x86 Oct  7 2002\protocol\68\mapname\q3dm1\sv_privateClients\0\sv_allowDownload\0\gamename\baseq3\g_needpass\0
  0:00 ClientConnect: 0
  0:00 ClientUserinfoChanged: 0 n\NooB\t\3\model\conni/red\hmodel\conni/red\g_redteam\\g_blueteam\\c1\4\c2\5\hc\100\w\0\l\0\tt\0\tl\0
  0:00 ClientUserinfoChanged: 0 n\NooB\t\3\model\conni/red\hmodel\conni/red\g_redteam\\g_blueteam\\c1\4\c2\5\hc\100\w\0\l\0\tt\0\tl\0
  0:00 ClientBegin: 0
  0:01 ClientUserinfoChanged: 0 n\NooB\t\1\model\conni/red\hmodel\conni/red\g_redteam\\g_blueteam\\c1\4\c2\5\hc\100\w\0\l\0\tt\0\tl\1
  0:01 ClientUserinfoChanged: 0 n\NooB\t\1\model\conni/red\hmodel\conni/red\g_redteam\\g_blueteam\\c1\4\c2\5\hc\100\w\0\l\0\tt\0\tl\1
  0:01 ClientBegin: 0
  0:09 Item: 0 weapon_plasmagun
  0:15 ShutdownGame:
  0:15 ------------------------------------------------------------
  0:00 ------------------------------------------------------------
  0:00 InitGame: \g_gametype\3\sv_hostname\deathRace\sv_punkbuster\0\sv_maxRate\0\sv_minPing\0\sv_maxPing\0\sv_floodProtect\1\g_redTeam\Stroggs\g_blueTeam\Pagans\dmflags\0\fraglimit\0\timelimit\0\sv_maxclients\8\capturelimit\0\g_maxGameClients\0\version\Q3 1.32 win-x86 Oct  7 2002\protocol\68\mapname\q3dm1\sv_privateClients\0\sv_allowDownload\0\gamename\baseq3\g_needpass\0
  0:00 ClientConnect: 0
  0:00 ClientUserinfoChanged: 0 n\NooB\t\3\model\conni/red\hmodel\conni/red\g_redteam\\g_blueteam\\c1\4\c2\5\hc\100\w\0\l\0\tt\0\tl\0
  0:00 ClientUserinfoChanged: 0 n\NooB\t\3\model\conni/red\hmodel\conni/red\g_redteam\\g_blueteam\\c1\4\c2\5\hc\100\w\0\l\0\tt\0\tl\0
  0:00 ClientBegin: 0
  0:01 ClientUserinfoChanged: 0 n\NooB\t\1\model\conni/red\hmodel\conni/red\g_redteam\\g_blueteam\\c1\4\c2\5\hc\100\w\0\l\0\tt\0\tl\1
  0:01 ClientUserinfoChanged: 0 n\NooB\t\1\model\conni/red\hmodel\conni/red\g_redteam\\g_blueteam\\c1\4\c2\5\hc\100\w\0\l\0\tt\0\tl\1
  0:01 ClientBegin: 0
  0:11 Item: 0 weapon_plasmagun
  0:23 Item: 0 weapon_rocketlauncher
  0:25 ShutdownGame:
  0:25 ------------------------------------------------------------
  0:25 ------------------------------------------------------------
  0:25 InitGame: \g_gametype\3\sv_hostname\deathRace\sv_punkbuster\0\sv_maxRate\0\sv_minPing\0\sv_maxPing\0\sv_floodProtect\1\g_redTeam\Stroggs\g_blueTeam\Pagans\dmflags\0\fraglimit\0\timelimit\0\sv_maxclients\8\capturelimit\0\g_maxGameClients\0\version\Q3 1.32 win-x86 Oct  7 2002\protocol\68\mapname\q3dm1\sv_privateClients\0\sv_allowDownload\0\bot_minplayers\0\gamename\baseq3\g_needpass\0
  0:25 ClientConnect: 0
  0:25 ClientUserinfoChanged: 0 n\NooB\t\1\model\conni/red\hmodel\conni/red\g_redteam\\g_blueteam\\c1\4\c2\5\hc\100\w\0\l\0\tt\0\tl\1
  0:25 ClientBegin: 0
  0:28 Item: 0 weapon_rocketlauncher
  0:35 Item: 0 weapon_plasmagun
  0:46 Item: 0 item_armor_body
  0:48 ShutdownGame:
  0:48 ------------------------------------------------------------
  0:00 ------------------------------------------------------------
  0:00 InitGame: \g_gametype\3\g_maxGameClients\0\capturelimit\0\sv_maxclients\8\timelimit\0\fraglimit\0\dmflags\0\g_blueTeam\Pagans\g_redTeam\Stroggs\sv_floodProtect\1\sv_maxPing\0\sv_minPing\0\sv_maxRate\0\sv_punkbuster\0\sv_hostname\deathRace\version\Q3 1.32 win-x86 Oct  7 2002\protocol\68\mapname\q3dm1\sv_privateClients\0\sv_allowDownload\0\gamename\baseq3\g_needpass\0
  0:00 ClientConnect: 0
  0:00 ClientUserinfoChanged: 0 n\NooB\t\3\model\conni/red\hmodel\conni/red\g_redteam\\g_blueteam\\c1\4\c2\5\hc\100\w\0\l\0\tt\0\tl\0
  0:00 ClientUserinfoChanged: 0 n\NooB\t\3\model\conni/red\hmodel\conni/red\g_redteam\\g_blueteam\\c1\4\c2\5\hc\100\w\0\l\0\tt\0\tl\0
  0:00 ClientBegin: 0
  0:04 ShutdownGame:
  0:04 ------------------------------------------------------------
  0:00 ------------------------------------------------------------
  0:00 InitGame: \g_gametype\3\sv_hostname\deathRace\sv_punkbuster\0\sv_maxRate\0\sv_minPing\0\sv_maxPing\0\sv_floodProtect\1\g_redTeam\Stroggs\g_blueTeam\Pagans\dmflags\0\fraglimit\0\timelimit\0\sv_maxclients\8\capturelimit\0\g_maxGameClients\0\version\Q3 1.32 win-x86 Oct  7 2002\protocol\68\mapname\q3dm1\sv_privateClients\0\sv_allowDownload\0\gamename\baseq3\g_needpass\0
  0:00 ClientConnect: 0
  0:00 ClientUserinfoChanged: 0 n\NooB\t\3\model\conni/red\hmodel\conni/red\g_redteam\\g_blueteam\\c1\4\c2\5\hc\100\w\0\l\0\tt\0\tl\0
  0:00 ClientUserinfoChanged: 0 n\NooB\t\3\model\conni/red\hmodel\conni/red\g_redteam\\g_blueteam\\c1\4\c2\5\hc\100\w\0\l\0\tt\0\tl\0
  0:00 ClientBegin: 0
  0:01 ClientUserinfoChanged: 0 n\NooB\t\1\model\conni/red\hmodel\conni/red\g_redteam\\g_blueteam\\c1\4\c2\5\hc\100\w\0\l\0\tt\0\tl\1
  0:01 ClientUserinfoChanged: 0 n\NooB\t\1\model\conni/red\hmodel\conni/red\g_redteam\\g_blueteam\\c1\4\c2\5\hc\100\w\0\l\0\tt\0\tl\1
  0:01 ClientBegin: 0
  0:04 Item: 0 weapon_rocketlauncher
  0:10 Item: 0 weapon_plasmagun
  0:13 ShutdownGame:
  0:13 ------------------------------------------------------------
  0:13 ------------------------------------------------------------
  0:13 InitGame: \g_gametype\3\sv_hostname\deathRace\sv_punkbuster\0\sv_maxRate\0\sv_minPing\0\sv_maxPing\0\sv_floodProtect\1\g_redTeam\Stroggs\g_blueTeam\Pagans\dmflags\0\fraglimit\0\timelimit\0\sv_maxclients\8\capturelimit\0\g_maxGameClients\0\version\Q3 1.32 win-x86 Oct  7 2002\protocol\68\mapname\q3dm1\sv_privateClients\0\sv_allowDownload\0\bot_minplayers\0\gamename\baseq3\g_needpass\0
  0:13 ClientConnect: 0
  0:13 ClientUserinfoChanged: 0 n\NooB\t\1\model\conni/red\hmodel\conni/red\g_redteam\\g_blueteam\\c1\4\c2\5\hc\100\w\0\l\0\tt\0\tl\1
  0:13 ClientBegin: 0
  0:16 Item: 0 weapon_rocketlauncher
  0:22 Item: 0 weapon_plasmagun
  0:26 ShutdownGame:
  0:26 ------------------------------------------------------------
  0:00 ------------------------------------------------------------
  0:00 InitGame: \g_gametype\3\g_maxGameClients\0\capturelimit\0\sv_maxclients\8\timelimit\0\fraglimit\0\dmflags\0\g_blueTeam\Pagans\g_redTeam\Stroggs\sv_floodProtect\1\sv_maxPing\0\sv_minPing\0\sv_maxRate\0\sv_punkbuster\0\sv_hostname\deathRace\version\Q3 1.32 win-x86 Oct  7 2002\protocol\68\mapname\q3dm1\sv_privateClients\0\sv_allowDownload\0\gamename\baseq3\g_needpass\0
  0:00 ClientConnect: 0
  0:00 ClientUserinfoChanged: 0 n\NooB\t\3\model\conni/red\hmodel\conni/red\g_redteam\\g_blueteam\\c1\4\c2\5\hc\100\w\0\l\0\tt\0\tl\0
  0:00 ClientUserinfoChanged: 0 n\NooB\t\3\model\conni/red\hmodel\conni/red\g_redteam\\g_blueteam\\c1\4\c2\5\hc\100\w\0\l\0\tt\0\tl\0
  0:00 ClientBegin: 0
  0:02 ClientUserinfoChanged: 0 n\NooB\t\1\model\conni/red\hmodel\conni/red\g_redteam\\g_blueteam\\c1\4\c2\5\hc\100\w\0\l\0\tt\0\tl\1
  0:02 ClientUserinfoChanged: 0 n\NooB\t\1\model\conni/red\hmodel\conni/red\g_redteam\\g_blueteam\\c1\4\c2\5\hc\100\w\0\l\0\tt\0\tl\1
  0:02 ClientBegin: 0
  0:04 Item: 0 weapon_rocketlauncher
  0:11 Item: 0 weapon_plasmagun
  0:16 ShutdownGame:
  0:16 ------------------------------------------------------------
  0:00 ------------------------------------------------------------
  0:00 InitGame: \g_gametype\3\sv_hostname\deathRace\sv_punkbuster\0\sv_maxRate\0\sv_minPing\0\sv_maxPing\0\sv_floodProtect\1\g_redTeam\Stroggs\g_blueTeam\Pagans\dmflags\0\fraglimit\0\timelimit\0\sv_maxclients\8\capturelimit\0\g_maxGameClients\0\version\Q3 1.32 win-x86 Oct  7 2002\protocol\68\mapname\q3dm1\sv_privateClients\0\sv_allowDownload\0\gamename\baseq3\g_needpass\0
  0:00 ClientConnect: 0
  0:00 ClientUserinfoChanged: 0 n\NooB\t\3\model\conni/red\hmodel\conni/red\g_redteam\\g_blueteam\\c1\4\c2\5\hc\100\w\0\l\0\tt\0\tl\0
  0:00 ClientUserinfoChanged: 0 n\NooB\t\3\model\conni/red\hmodel\conni/red\g_redteam\\g_blueteam\\c1\4\c2\5\hc\100\w\0\l\0\tt\0\tl\0
  0:00 ClientBegin: 0
  0:01 ClientUserinfoChanged: 0 n\NooB\t\1\model\conni/red\hmodel\conni/red\g_redteam\\g_blueteam\\c1\4\c2\5\hc\100\w\0\l\0\tt\0\tl\1
  0:01 ClientUserinfoChanged: 0 n\NooB\t\1\model\conni/red\hmodel\conni/red\g_redteam\\g_blueteam\\c1\4\c2\5\hc\100\w\0\l\0\tt\0\tl\1
  0:01 ClientBegin: 0
  0:03 Item: 0 weapon_rocketlauncher
  0:10 Item: 0 weapon_plasmagun
  0:13 ShutdownGame:
  0:13 ------------------------------------------------------------
  0:00 ------------------------------------------------------------
  0:00 InitGame: \g_gametype\3\g_maxGameClients\0\capturelimit\0\sv_maxclients\8\timelimit\0\fraglimit\0\dmflags\0\g_blueTeam\Pagans\g_redTeam\Stroggs\sv_floodProtect\1\sv_maxPing\0\sv_minPing\0\sv_maxRate\0\sv_punkbuster\0\sv_hostname\deathRace\version\Q3 1.32 win-x86 Oct  7 2002\protocol\68\mapname\q3dm1\sv_privateClients\0\sv_allowDownload\0\gamename\baseq3\g_needpass\0
  0:00 ClientConnect: 0
  0:00 ClientUserinfoChanged: 0 n\NooB\t\3\model\conni/red\hmodel\conni/red\g_redteam\\g_blueteam\\c1\4\c2\5\hc\100\w\0\l\0\tt\0\tl\0
  0:00 ClientUserinfoChanged: 0 n\NooB\t\3\model\conni/red\hmodel\conni/red\g_redteam\\g_blueteam\\c1\4\c2\5\hc\100\w\0\l\0\tt\0\tl\0
  0:00 ClientBegin: 0
  0:01 ClientUserinfoChanged: 0 n\NooB\t\1\model\conni/red\hmodel\conni/red\g_redteam\\g_blueteam\\c1\4\c2\5\hc\100\w\0\l\0\tt\0\tl\1
  0:01 ClientUserinfoChanged: 0 n\NooB\t\1\model\conni/red\hmodel\conni/red\g_redteam\\g_blueteam\\c1\4\c2\5\hc\100\w\0\l\0\tt\0\tl\1
  0:01 ClientBegin: 0
  0:03 Item: 0 weapon_rocketlauncher
  0:10 Item: 0 weapon_plasmagun
  0:12 ShutdownGame:
  0:12 ------------------------------------------------------------
